<?xml version="1.0" encoding="UTF-8"?>
<!-- Generated by org.testng.reporters.JUnitXMLReporter -->
<testsuite ignored="0" hostname="LS05" failures="0" tests="11" name="Default test" time="84.403" errors="0" timestamp="2026-09-11T23:25:37 IST">
  <testcase classname="SeleniumPackage.BrowserCommands" name="ChromeBrowserTest" time="5.007"/>
  <testcase classname="SeleniumPackage.BrowserCommands" name="EdgeBrowserTest" time="5.143"/>
  <testcase classname="SeleniumPackage.BrowserCommands" name="FirefoxBrowserTest1" time="9.091"/>
  <testcase classname="SeleniumPackage.BrowserCommands" name="FirefoxBrowserTest2" time="10.477"/>
  <testcase classname="SeleniumPackage.BrowserCommands" name="FirefoxBrowserTest3" time="6.82"/>
  <testcase classname="SeleniumPackage.BrowserCommands" name="FirefoxBrowserTest4" time="5.388"/>
  <testcase classname="SeleniumPackage.BrowserCommands" name="FirefoxBrowserTest5" time="9.476"/>
  <testcase classname="SeleniumPackage.BrowserCommands" name="FirefoxBrowserTest6" time="6.629"/>
  <testcase classname="SeleniumPackage.BrowserCommands" name="FirefoxBrowserTest7" time="6.614"/>
  <testcase classname="SeleniumPackage.BrowserCommands" name="FirefoxBrowserTest8" time="6.81"/>
  <testcase classname="SeleniumPackage.BrowserCommands" name="FirefoxBrowserTest" time="12.773"/>
</testsuite> <!-- Default test -->
