<?xml version="1.0" encoding="UTF-8"?>
<testng-results ignored="0" total="1" passed="1" failed="0" skipped="0">
  <reporter-output>
  </reporter-output>
  <suite started-at="2026-09-11T23:01:00 IST" name="Default suite" finished-at="2026-09-11T23:01:17 IST" duration-ms="16956">
    <groups>
    </groups>
    <test started-at="2026-09-11T23:01:00 IST" name="Default test" finished-at="2026-09-11T23:01:17 IST" duration-ms="16956">
      <class name="DropDowns.ListItemsDemo">
        <test-method is-config="true" signature="setup()[pri:0, instance:DropDowns.ListItemsDemo@34e9fd99]" started-at="2026-09-11T23:01:00 IST" name="setup" finished-at="2026-09-11T23:01:06 IST" duration-ms="6082" status="PASS">
          <reporter-output>
          </reporter-output>
        </test-method> <!-- setup -->
        <test-method signature="ChromeBrowserTest()[pri:0, instance:DropDowns.ListItemsDemo@34e9fd99]" started-at="2026-09-11T23:01:06 IST" name="ChromeBrowserTest" finished-at="2026-09-11T23:01:16 IST" duration-ms="10479" status="PASS">
          <reporter-output>
          </reporter-output>
        </test-method> <!-- ChromeBrowserTest -->
        <test-method is-config="true" signature="tearDown()[pri:0, instance:DropDowns.ListItemsDemo@34e9fd99]" started-at="2026-09-11T23:01:16 IST" name="tearDown" finished-at="2026-09-11T23:01:17 IST" duration-ms="323" status="PASS">
          <reporter-output>
          </reporter-output>
        </test-method> <!-- tearDown -->
      </class> <!-- DropDowns.ListItemsDemo -->
    </test> <!-- Default test -->
  </suite> <!-- Default suite -->
</testng-results>
