<?xml version="1.0" encoding="UTF-8"?>
<testng-results ignored="0" total="1" passed="1" failed="0" skipped="0">
  <reporter-output>
  </reporter-output>
  <suite started-at="2026-09-12T00:55:07 IST" name="Default suite" finished-at="2026-09-12T00:55:11 IST" duration-ms="4022">
    <groups>
    </groups>
    <test started-at="2026-09-12T00:55:07 IST" name="Default test" finished-at="2026-09-12T00:55:11 IST" duration-ms="4022">
      <class name="com.Easycalculation.TestCases.ExecuteLoginPage">
        <test-method signature="TestValidLogin()[pri:0, instance:com.Easycalculation.TestCases.ExecuteLoginPage@34a3d150]" started-at="2026-09-12T00:55:07 IST" name="TestValidLogin" finished-at="2026-09-12T00:55:11 IST" duration-ms="3971" status="PASS">
          <reporter-output>
          </reporter-output>
        </test-method> <!-- TestValidLogin -->
      </class> <!-- com.Easycalculation.TestCases.ExecuteLoginPage -->
    </test> <!-- Default test -->
  </suite> <!-- Default suite -->
</testng-results>
