<?xml version="1.0" encoding="UTF-8"?>
<!-- Generated by org.testng.reporters.JUnitReportReporter -->
<testsuite hostname="LS05" failures="0" tests="3" name="SeleniumNavigationPackage.NavigationCommands" time="32.866" errors="0" timestamp="2026-09-07T13:12:46 IST" skipped="0">
  <testcase classname="SeleniumNavigationPackage.NavigationCommands" name="NavigationDemo" time="5.465"/>
  <testcase classname="SeleniumNavigationPackage.NavigationCommands" name="NavigateBackDemo" time="9.547"/>
  <testcase classname="SeleniumNavigationPackage.NavigationCommands" name="NavigateForward" time="17.854"/>
</testsuite> <!-- SeleniumNavigationPackage.NavigationCommands -->
