<?xml version="1.0" encoding="UTF-8"?>
<!-- Generated by org.testng.reporters.JUnitReportReporter -->
<testsuite hostname="LS05" failures="0" tests="3" name="seleniumWebBrowser.Browsers.LaunchDifferentBrowsers" time="12.536" errors="0" timestamp="2026-09-01T12:33:14 IST" skipped="0">
  <testcase classname="seleniumWebBrowser.Browsers.LaunchDifferentBrowsers" name="EdgeBrowser" time="2.549"/>
  <testcase classname="seleniumWebBrowser.Browsers.LaunchDifferentBrowsers" name="FirefoxBrowser" time="7.312"/>
  <testcase classname="seleniumWebBrowser.Browsers.LaunchDifferentBrowsers" name="ChromeBrowser" time="2.675"/>
</testsuite> <!-- seleniumWebBrowser.Browsers.LaunchDifferentBrowsers -->
