<?xml version="1.0" encoding="UTF-8"?>
<testng-results ignored="0" total="3" passed="3" failed="0" skipped="0">
  <reporter-output>
  </reporter-output>
  <suite started-at="2026-09-07T13:12:13 IST" name="Default suite" finished-at="2026-09-07T13:12:46 IST" duration-ms="32951">
    <groups>
    </groups>
    <test started-at="2026-09-07T13:12:13 IST" name="Default test" finished-at="2026-09-07T13:12:46 IST" duration-ms="32951">
      <class name="SeleniumNavigationPackage.NavigationCommands">
        <test-method signature="NavigationDemo()[pri:0, instance:SeleniumNavigationPackage.NavigationCommands@351d00c0]" started-at="2026-09-07T13:12:13 IST" name="NavigationDemo" finished-at="2026-09-07T13:12:18 IST" duration-ms="5465" status="PASS">
          <reporter-output>
          </reporter-output>
        </test-method> <!-- NavigationDemo -->
        <test-method signature="NavigateBackDemo()[pri:1, instance:SeleniumNavigationPackage.NavigationCommands@351d00c0]" started-at="2026-09-07T13:12:18 IST" name="NavigateBackDemo" finished-at="2026-09-07T13:12:28 IST" duration-ms="9547" status="PASS">
          <reporter-output>
          </reporter-output>
        </test-method> <!-- NavigateBackDemo -->
        <test-method signature="NavigateForward()[pri:3, instance:SeleniumNavigationPackage.NavigationCommands@351d00c0]" started-at="2026-09-07T13:12:28 IST" name="NavigateForward" finished-at="2026-09-07T13:12:46 IST" duration-ms="17854" status="PASS">
          <reporter-output>
          </reporter-output>
        </test-method> <!-- NavigateForward -->
      </class> <!-- SeleniumNavigationPackage.NavigationCommands -->
    </test> <!-- Default test -->
  </suite> <!-- Default suite -->
</testng-results>
