<?xml version="1.0" encoding="UTF-8"?>
<testng-results ignored="0" total="1" passed="1" failed="0" skipped="0">
  <reporter-output>
  </reporter-output>
  <suite started-at="2026-09-09T21:00:03 IST" name="Default suite" finished-at="2026-09-09T21:00:28 IST" duration-ms="24636">
    <groups>
    </groups>
    <test started-at="2026-09-09T21:00:03 IST" name="Default test" finished-at="2026-09-09T21:00:28 IST" duration-ms="24636">
      <class name="javaScriptAlerts.KSRTCAlerts">
        <test-method signature="TestLogin()[pri:0, instance:javaScriptAlerts.KSRTCAlerts@4135c3b]" started-at="2026-09-09T21:00:03 IST" name="TestLogin" finished-at="2026-09-09T21:00:28 IST" duration-ms="24584" status="PASS">
          <reporter-output>
          </reporter-output>
        </test-method> <!-- TestLogin -->
      </class> <!-- javaScriptAlerts.KSRTCAlerts -->
    </test> <!-- Default test -->
  </suite> <!-- Default suite -->
</testng-results>
