<?xml version="1.0" encoding="UTF-8"?>
<testng-results ignored="0" total="3" passed="3" failed="0" skipped="0">
  <reporter-output>
  </reporter-output>
  <suite started-at="2026-09-01T12:33:02 IST" name="Default suite" finished-at="2026-09-01T12:33:14 IST" duration-ms="12591">
    <groups>
    </groups>
    <test started-at="2026-09-01T12:33:02 IST" name="Default test" finished-at="2026-09-01T12:33:14 IST" duration-ms="12591">
      <class name="seleniumWebBrowser.Browsers.LaunchDifferentBrowsers">
        <test-method signature="ChromeBrowser()[pri:0, instance:seleniumWebBrowser.Browsers.LaunchDifferentBrowsers@459e9125]" started-at="2026-09-01T12:33:02 IST" name="ChromeBrowser" finished-at="2026-09-01T12:33:04 IST" duration-ms="2675" status="PASS">
          <reporter-output>
          </reporter-output>
        </test-method> <!-- ChromeBrowser -->
        <test-method signature="EdgeBrowser()[pri:0, instance:seleniumWebBrowser.Browsers.LaunchDifferentBrowsers@459e9125]" started-at="2026-09-01T12:33:04 IST" name="EdgeBrowser" finished-at="2026-09-01T12:33:07 IST" duration-ms="2549" status="PASS">
          <reporter-output>
          </reporter-output>
        </test-method> <!-- EdgeBrowser -->
        <test-method signature="FirefoxBrowser()[pri:0, instance:seleniumWebBrowser.Browsers.LaunchDifferentBrowsers@459e9125]" started-at="2026-09-01T12:33:07 IST" name="FirefoxBrowser" finished-at="2026-09-01T12:33:14 IST" duration-ms="7312" status="PASS">
          <reporter-output>
          </reporter-output>
        </test-method> <!-- FirefoxBrowser -->
      </class> <!-- seleniumWebBrowser.Browsers.LaunchDifferentBrowsers -->
    </test> <!-- Default test -->
  </suite> <!-- Default suite -->
</testng-results>
