<?xml version="1.0" encoding="UTF-8"?>
<testng-results ignored="0" total="1" passed="1" failed="0" skipped="0">
  <reporter-output>
  </reporter-output>
  <suite started-at="2026-09-08T14:36:23 IST" name="Default suite" finished-at="2026-09-08T14:37:00 IST" duration-ms="37437">
    <groups>
    </groups>
    <test started-at="2026-09-08T14:36:23 IST" name="Default test" finished-at="2026-09-08T14:37:00 IST" duration-ms="37437">
      <class name="SeleniumWebDriver.Locators.ClassNameDemo">
        <test-method signature="TestDemo()[pri:0, instance:SeleniumWebDriver.Locators.ClassNameDemo@4f0f2942]" started-at="2026-09-08T14:36:23 IST" name="TestDemo" finished-at="2026-09-08T14:37:00 IST" duration-ms="37251" status="PASS">
          <reporter-output>
          </reporter-output>
        </test-method> <!-- TestDemo -->
      </class> <!-- SeleniumWebDriver.Locators.ClassNameDemo -->
    </test> <!-- Default test -->
  </suite> <!-- Default suite -->
</testng-results>
