<?xml version="1.0" encoding="UTF-8"?>
<!-- Generated by org.testng.reporters.JUnitXMLReporter -->
<testsuite ignored="0" hostname="LS05" failures="0" tests="3" name="Default test" time="12.591" errors="0" timestamp="2026-09-01T12:33:14 IST">
  <testcase classname="seleniumWebBrowser.Browsers.LaunchDifferentBrowsers" name="ChromeBrowser" time="2.675"/>
  <testcase classname="seleniumWebBrowser.Browsers.LaunchDifferentBrowsers" name="EdgeBrowser" time="2.549"/>
  <testcase classname="seleniumWebBrowser.Browsers.LaunchDifferentBrowsers" name="FirefoxBrowser" time="7.312"/>
</testsuite> <!-- Default test -->
