<?xml version="1.0" encoding="UTF-8"?>
<testng-results ignored="0" total="1" passed="1" failed="0" skipped="0">
  <reporter-output>
  </reporter-output>
  <suite started-at="2026-09-09T11:36:00 IST" name="Default suite" finished-at="2026-09-09T11:36:52 IST" duration-ms="51413">
    <groups>
    </groups>
    <test started-at="2026-09-09T11:36:00 IST" name="Default test" finished-at="2026-09-09T11:36:52 IST" duration-ms="51413">
      <class name="MultipleFrames.MultipleFramesDemo">
        <test-method signature="Frames()[pri:0, instance:MultipleFrames.MultipleFramesDemo@5fb759d6]" started-at="2026-09-09T11:36:00 IST" name="Frames" finished-at="2026-09-09T11:36:52 IST" duration-ms="51285" status="PASS">
          <reporter-output>
          </reporter-output>
        </test-method> <!-- Frames -->
      </class> <!-- MultipleFrames.MultipleFramesDemo -->
    </test> <!-- Default test -->
  </suite> <!-- Default suite -->
</testng-results>
