<?xml version="1.0" encoding="UTF-8"?>
<!-- Generated by org.testng.reporters.JUnitReportReporter -->
<testsuite hostname="LS05" failures="0" tests="3" name="com.example.tests.CompleteAPITest" time="2.944" errors="0" timestamp="2026-09-17T11:58:34 IST" skipped="0">
  <testcase classname="com.example.tests.CompleteAPITest" name="testTraditionalApproach" time="1.882"/>
  <testcase classname="com.example.tests.CompleteAPITest" name="testBDDApproach" time="0.800"/>
  <testcase classname="com.example.tests.CompleteAPITest" name="testBDDApproachWithExtraction" time="0.262"/>
</testsuite> <!-- com.example.tests.CompleteAPITest -->
