<?xml version="1.0" encoding="UTF-8"?>
<testng-results ignored="0" total="1" passed="1" failed="0" skipped="0">
  <reporter-output>
  </reporter-output>
  <suite started-at="2026-09-10T23:09:09 IST" name="Default suite" finished-at="2026-09-10T23:09:33 IST" duration-ms="24122">
    <groups>
    </groups>
    <test started-at="2026-09-10T23:09:09 IST" name="Default test" finished-at="2026-09-10T23:09:33 IST" duration-ms="24122">
      <class name="radioButtons.JotFormRadioButton">
        <test-method signature="TestRadioBtn()[pri:0, instance:radioButtons.JotFormRadioButton@4135c3b]" started-at="2026-09-10T23:09:09 IST" name="TestRadioBtn" finished-at="2026-09-10T23:09:33 IST" duration-ms="24084" status="PASS">
          <reporter-output>
          </reporter-output>
        </test-method> <!-- TestRadioBtn -->
      </class> <!-- radioButtons.JotFormRadioButton -->
    </test> <!-- Default test -->
  </suite> <!-- Default suite -->
</testng-results>
