<?xml version="1.0" encoding="UTF-8"?>
<!-- Generated by org.testng.reporters.JUnitReportReporter -->
<testsuite hostname="LS05" failures="0" tests="11" name="SeleniumCICDPackage.BrowserCommands" time="59.425" errors="0" timestamp="2026-09-07T13:26:47 IST" skipped="0">
  <testcase classname="SeleniumCICDPackage.BrowserCommands" name="ChromeBrowser1" time="4.009"/>
  <testcase classname="SeleniumCICDPackage.BrowserCommands" name="EdgeBrowser1" time="3.841"/>
  <testcase classname="SeleniumCICDPackage.BrowserCommands" name="FirefoxBrowser1" time="6.611"/>
  <testcase classname="SeleniumCICDPackage.BrowserCommands" name="FirefoxBrowser2" time="5.206"/>
  <testcase classname="SeleniumCICDPackage.BrowserCommands" name="EdgeBrowser2" time="3.696"/>
  <testcase classname="SeleniumCICDPackage.BrowserCommands" name="FirefoxBrowser3" time="7.136"/>
  <testcase classname="SeleniumCICDPackage.BrowserCommands" name="EdgeBrowser3" time="9.761"/>
  <testcase classname="SeleniumCICDPackage.BrowserCommands" name="FirefoxBrowser4" time="6.658"/>
  <testcase classname="SeleniumCICDPackage.BrowserCommands" name="EdgeBrowser4" time="3.980"/>
  <testcase classname="SeleniumCICDPackage.BrowserCommands" name="EdgeBrowser5" time="4.872"/>
  <testcase classname="SeleniumCICDPackage.BrowserCommands" name="EdgeBrowser6" time="3.655"/>
</testsuite> <!-- SeleniumCICDPackage.BrowserCommands -->
