<?xml version="1.0" encoding="UTF-8"?>
<!-- Generated by org.testng.reporters.JUnitReportReporter -->
<testsuite hostname="LS05" failures="0" tests="11" name="SeleniumPackage.BrowserCommands" time="84.228" errors="0" timestamp="2026-09-11T23:25:37 IST" skipped="0">
  <testcase classname="SeleniumPackage.BrowserCommands" name="ChromeBrowserTest" time="5.007"/>
  <testcase classname="SeleniumPackage.BrowserCommands" name="EdgeBrowserTest" time="5.143"/>
  <testcase classname="SeleniumPackage.BrowserCommands" name="FirefoxBrowserTest1" time="9.091"/>
  <testcase classname="SeleniumPackage.BrowserCommands" name="FirefoxBrowserTest2" time="10.477"/>
  <testcase classname="SeleniumPackage.BrowserCommands" name="FirefoxBrowserTest3" time="6.820"/>
  <testcase classname="SeleniumPackage.BrowserCommands" name="FirefoxBrowserTest4" time="5.388"/>
  <testcase classname="SeleniumPackage.BrowserCommands" name="FirefoxBrowserTest5" time="9.476"/>
  <testcase classname="SeleniumPackage.BrowserCommands" name="FirefoxBrowserTest6" time="6.629"/>
  <testcase classname="SeleniumPackage.BrowserCommands" name="FirefoxBrowserTest7" time="6.614"/>
  <testcase classname="SeleniumPackage.BrowserCommands" name="FirefoxBrowserTest8" time="6.810"/>
  <testcase classname="SeleniumPackage.BrowserCommands" name="FirefoxBrowserTest" time="12.773"/>
</testsuite> <!-- SeleniumPackage.BrowserCommands -->
